# JRE version: OpenJDK Runtime Environment (11.0.12+7) (build 11.0.12+7-b1504.28-7817840)
# Java VM: OpenJDK 64-Bit Server VM (11.0.12+7-b1504.28-7817840, mixed mode, tiered, compressed oops, g1 gc, windows-amd64)
Heap:
 garbage-first heap   total 345088K, used 168369K [0x0000000080000000, 0x0000000100000000)
  region size 1024K, 20 young (20480K), 16 survivors (16384K)
 Metaspace       used 146523K, capacity 151216K, committed 169804K, reserved 1196032K
  class space    used 17829K, capacity 19563K, committed 23372K, reserved 1048576K
GC Heap History (20 events):
Event: 18042.235 GC heap before
{Heap before GC invocations=198 (full 1):
 garbage-first heap   total 550912K, used 357696K [0x0000000080000000, 0x0000000100000000)
  region size 1024K, 146 young (149504K), 20 survivors (20480K)
 Metaspace       used 149521K, capacity 154316K, committed 175948K, reserved 1202176K
  class space    used 18249K, capacity 19985K, committed 23372K, reserved 1048576K
}
Event: 18042.302 GC heap after
{Heap after GC invocations=199 (full 1):
 garbage-first heap   total 550912K, used 239088K [0x0000000080000000, 0x0000000100000000)
  region size 1024K, 19 young (19456K), 19 survivors (19456K)
 Metaspace       used 149521K, capacity 154316K, committed 175948K, reserved 1202176K
  class space    used 18249K, capacity 19985K, committed 23372K, reserved 1048576K
}
Event: 18042.365 GC heap before
{Heap before GC invocations=199 (full 1):
 garbage-first heap   total 550912K, used 246256K [0x0000000080000000, 0x0000000100000000)
  region size 1024K, 26 young (26624K), 19 survivors (19456K)
 Metaspace       used 149533K, capacity 154317K, committed 175948K, reserved 1202176K
  class space    used 18249K, capacity 19985K, committed 23372K, reserved 1048576K
}
Event: 18042.421 GC heap after
{Heap after GC invocations=200 (full 1):
 garbage-first heap   total 550912K, used 207168K [0x0000000080000000, 0x0000000100000000)
  region size 1024K, 2 young (2048K), 2 survivors (2048K)
 Metaspace       used 149533K, capacity 154317K, committed 175948K, reserved 1202176K
  class space    used 18249K, capacity 19985K, committed 23372K, reserved 1048576K
}
Event: 18043.661 GC heap before
{Heap before GC invocations=200 (full 1):
 garbage-first heap   total 550912K, used 348480K [0x0000000080000000, 0x0000000100000000)
  region size 1024K, 142 young (145408K), 2 survivors (2048K)
 Metaspace       used 149681K, capacity 154473K, committed 175948K, reserved 1202176K
  class space    used 18250K, capacity 19986K, committed 23372K, reserved 1048576K
}
Event: 18043.705 GC heap after
{Heap after GC invocations=201 (full 1):
 garbage-first heap   total 550912K, used 219154K [0x0000000080000000, 0x0000000100000000)
  region size 1024K, 14 young (14336K), 14 survivors (14336K)
 Metaspace       used 149681K, capacity 154473K, committed 175948K, reserved 1202176K
  class space    used 18250K, capacity 19986K, committed 23372K, reserved 1048576K
}
Event: 18176.302 GC heap before
{Heap before GC invocations=202 (full 1):
 garbage-first heap   total 550912K, used 344594K [0x0000000080000000, 0x0000000100000000)
  region size 1024K, 173 young (177152K), 14 survivors (14336K)
 Metaspace       used 150056K, capacity 154794K, committed 175948K, reserved 1202176K
  class space    used 18280K, capacity 20040K, committed 23372K, reserved 1048576K
}
Event: 18176.344 GC heap after
{Heap after GC invocations=203 (full 1):
 garbage-first heap   total 550912K, used 183468K [0x0000000080000000, 0x0000000100000000)
  region size 1024K, 12 young (12288K), 12 survivors (12288K)
 Metaspace       used 150056K, capacity 154794K, committed 175948K, reserved 1202176K
  class space    used 18280K, capacity 20040K, committed 23372K, reserved 1048576K
}
Event: 18176.461 GC heap before
{Heap before GC invocations=203 (full 1):
 garbage-first heap   total 550912K, used 198828K [0x0000000080000000, 0x0000000100000000)
  region size 1024K, 26 young (26624K), 12 survivors (12288K)
 Metaspace       used 150057K, capacity 154858K, committed 175948K, reserved 1202176K
  class space    used 18280K, capacity 20040K, committed 23372K, reserved 1048576K
}
Event: 18176.490 GC heap after
{Heap after GC invocations=204 (full 1):
 garbage-first heap   total 550912K, used 174091K [0x0000000080000000, 0x0000000100000000)
  region size 1024K, 4 young (4096K), 4 survivors (4096K)
 Metaspace       used 150057K, capacity 154858K, committed 175948K, reserved 1202176K
  class space    used 18280K, capacity 20040K, committed 23372K, reserved 1048576K
}
Event: 21776.492 GC heap before
{Heap before GC invocations=204 (full 1):
 garbage-first heap   total 550912K, used 286731K [0x0000000080000000, 0x0000000100000000)
  region size 1024K, 116 young (118784K), 4 survivors (4096K)
 Metaspace       used 150101K, capacity 154928K, committed 175948K, reserved 1202176K
  class space    used 18282K, capacity 20041K, committed 23372K, reserved 1048576K
}
Event: 21777.108 GC heap after
{Heap after GC invocations=205 (full 2):
 garbage-first heap   total 348160K, used 101617K [0x0000000080000000, 0x0000000100000000)
  region size 1024K, 0 young (0K), 0 survivors (0K)
 Metaspace       used 150101K, capacity 154928K, committed 175948K, reserved 1202176K
  class space    used 18282K, capacity 20041K, committed 23372K, reserved 1048576K
}
Event: 22355.311 GC heap before
{Heap before GC invocations=205 (full 2):
 garbage-first heap   total 348160K, used 197873K [0x0000000080000000, 0x0000000100000000)
  region size 1024K, 95 young (97280K), 0 survivors (0K)
 Metaspace       used 150243K, capacity 155091K, committed 175948K, reserved 1202176K
  class space    used 18288K, capacity 20048K, committed 23372K, reserved 1048576K
}
Event: 22355.684 GC heap after
{Heap after GC invocations=206 (full 3):
 garbage-first heap   total 345088K, used 101590K [0x0000000080000000, 0x0000000100000000)
  region size 1024K, 0 young (0K), 0 survivors (0K)
 Metaspace       used 149932K, capacity 154608K, committed 175948K, reserved 1202176K
  class space    used 18243K, capacity 19965K, committed 23372K, reserved 1048576K
}
Event: 22357.294 GC heap before
{Heap before GC invocations=206 (full 3):
 garbage-first heap   total 345088K, used 131286K [0x0000000080000000, 0x0000000100000000)
  region size 1024K, 31 young (31744K), 0 survivors (0K)
 Metaspace       used 150015K, capacity 154722K, committed 175948K, reserved 1202176K
  class space    used 18254K, capacity 19984K, committed 23372K, reserved 1048576K
}
Event: 22357.300 GC heap after
{Heap after GC invocations=207 (full 3):
 garbage-first heap   total 345088K, used 103638K [0x0000000080000000, 0x0000000100000000)
  region size 1024K, 2 young (2048K), 2 survivors (2048K)
 Metaspace       used 150015K, capacity 154722K, committed 175948K, reserved 1202176K
  class space    used 18254K, capacity 19984K, committed 23372K, reserved 1048576K
}
Event: 22358.760 GC heap before
{Heap before GC invocations=208 (full 3):
 garbage-first heap   total 345088K, used 151766K [0x0000000080000000, 0x0000000100000000)
  region size 1024K, 45 young (46080K), 2 survivors (2048K)
 Metaspace       used 141041K, capacity 145751K, committed 169804K, reserved 1196032K
  class space    used 17232K, capacity 18939K, committed 23372K, reserved 1048576K
}
Event: 22358.771 GC heap after
{Heap after GC invocations=209 (full 3):
 garbage-first heap   total 345088K, used 108725K [0x0000000080000000, 0x0000000100000000)
  region size 1024K, 7 young (7168K), 7 survivors (7168K)
 Metaspace       used 141041K, capacity 145751K, committed 169804K, reserved 1196032K
  class space    used 17232K, capacity 18939K, committed 23372K, reserved 1048576K
}
Event: 22360.084 GC heap before
{Heap before GC invocations=210 (full 3):
 garbage-first heap   total 345088K, used 215221K [0x0000000080000000, 0x0000000100000000)
  region size 1024K, 110 young (112640K), 7 survivors (7168K)
 Metaspace       used 145876K, capacity 150602K, committed 169804K, reserved 1196032K
  class space    used 17732K, capacity 19466K, committed 23372K, reserved 1048576K
}
Event: 22360.357 GC heap after
{Heap after GC invocations=211 (full 3):
 garbage-first heap   total 345088K, used 163249K [0x0000000080000000, 0x0000000100000000)
  region size 1024K, 16 young (16384K), 16 survivors (16384K)
 Metaspace       used 145876K, capacity 150602K, committed 169804K, reserved 1196032K
  class space    used 17732K, capacity 19466K, committed 23372K, reserved 1048576K
}

